<?xml version="1.0" encoding="UTF-8"?>
<testsuite xmlns:xsi="http://www.w3.org/2001/XMLSchema-instance" xsi:noNamespaceSchemaLocation="https://maven.apache.org/surefire/maven-surefire-plugin/xsd/surefire-test-report.xsd" name="org.example.AppTest" time="0.17" tests="5" errors="0" skipped="0" failures="0">
  <properties>
    <property name="sun.desktop" value="gnome"/>
    <property name="awt.toolkit" value="sun.awt.X11.XToolkit"/>
    <property name="java.specification.version" value="11"/>
    <property name="sun.cpu.isalist" value=""/>
    <property name="sun.jnu.encoding" value="UTF-8"/>
    <property name="java.class.path" value="/home/pishi/IdeaProjects/BigIntegerVerifier/target/test-classes:/home/pishi/IdeaProjects/BigIntegerVerifier/target/classes:/home/pishi/.m2/repository/junit/junit/4.13.2/junit-4.13.2.jar:/home/pishi/.m2/repository/org/hamcrest/hamcrest-core/1.3/hamcrest-core-1.3.jar:/home/pishi/.m2/repository/com/github/javafaker/javafaker/1.0.2/javafaker-1.0.2.jar:/home/pishi/.m2/repository/org/apache/commons/commons-lang3/3.5/commons-lang3-3.5.jar:/home/pishi/.m2/repository/org/yaml/snakeyaml/1.23/snakeyaml-1.23-android.jar:/home/pishi/.m2/repository/com/github/mifmif/generex/1.0.2/generex-1.0.2.jar:/home/pishi/.m2/repository/dk/brics/automaton/automaton/1.11-8/automaton-1.11-8.jar:"/>
    <property name="java.vm.vendor" value="JetBrains s.r.o"/>
    <property name="sun.arch.data.model" value="64"/>
    <property name="java.vendor.url" value="https://www.jetbrains.com/"/>
    <property name="user.timezone" value=""/>
    <property name="java.vm.specification.version" value="11"/>
    <property name="os.name" value="Linux"/>
    <property name="sun.java.launcher" value="SUN_STANDARD"/>
    <property name="user.country" value="US"/>
    <property name="sun.boot.library.path" value="/home/pishi/Idea/idea-IU-193.6494.35/jbr/lib"/>
    <property name="sun.java.command" value="/home/pishi/IdeaProjects/BigIntegerVerifier/target/surefire/surefirebooter14204849733540802344.jar /home/pishi/IdeaProjects/BigIntegerVerifier/target/surefire 2021-12-07T14-28-25_284-jvmRun1 surefire17163231141734331025tmp surefire_0271715672632444191tmp"/>
    <property name="jdk.debug" value="release"/>
    <property name="surefire.test.class.path" value="/home/pishi/IdeaProjects/BigIntegerVerifier/target/test-classes:/home/pishi/IdeaProjects/BigIntegerVerifier/target/classes:/home/pishi/.m2/repository/junit/junit/4.13.2/junit-4.13.2.jar:/home/pishi/.m2/repository/org/hamcrest/hamcrest-core/1.3/hamcrest-core-1.3.jar:/home/pishi/.m2/repository/com/github/javafaker/javafaker/1.0.2/javafaker-1.0.2.jar:/home/pishi/.m2/repository/org/apache/commons/commons-lang3/3.5/commons-lang3-3.5.jar:/home/pishi/.m2/repository/org/yaml/snakeyaml/1.23/snakeyaml-1.23-android.jar:/home/pishi/.m2/repository/com/github/mifmif/generex/1.0.2/generex-1.0.2.jar:/home/pishi/.m2/repository/dk/brics/automaton/automaton/1.11-8/automaton-1.11-8.jar:"/>
    <property name="sun.cpu.endian" value="little"/>
    <property name="user.home" value="/home/pishi"/>
    <property name="user.language" value="en"/>
    <property name="java.specification.vendor" value="Oracle Corporation"/>
    <property name="java.version.date" value="2019-10-15"/>
    <property name="java.home" value="/home/pishi/Idea/idea-IU-193.6494.35/jbr"/>
    <property name="file.separator" value="/"/>
    <property name="basedir" value="/home/pishi/IdeaProjects/BigIntegerVerifier"/>
    <property name="java.vm.compressedOopsMode" value="Zero based"/>
    <property name="line.separator" value="&#10;"/>
    <property name="java.specification.name" value="Java Platform API Specification"/>
    <property name="java.vm.specification.vendor" value="Oracle Corporation"/>
    <property name="java.awt.graphicsenv" value="sun.awt.X11GraphicsEnvironment"/>
    <property name="surefire.real.class.path" value="/home/pishi/IdeaProjects/BigIntegerVerifier/target/surefire/surefirebooter14204849733540802344.jar"/>
    <property name="sun.management.compiler" value="HotSpot 64-Bit Tiered Compilers"/>
    <property name="java.runtime.version" value="11.0.5+10-b520.38"/>
    <property name="user.name" value="pishi"/>
    <property name="path.separator" value=":"/>
    <property name="os.version" value="5.4.0-91-generic"/>
    <property name="java.runtime.name" value="OpenJDK Runtime Environment"/>
    <property name="file.encoding" value="UTF-8"/>
    <property name="java.vm.name" value="OpenJDK 64-Bit Server VM"/>
    <property name="localRepository" value="/home/pishi/.m2/repository"/>
    <property name="java.vendor.url.bug" value="https://youtrack.jetbrains.com"/>
    <property name="java.io.tmpdir" value="/tmp"/>
    <property name="java.version" value="11.0.5"/>
    <property name="user.dir" value="/home/pishi/IdeaProjects/BigIntegerVerifier"/>
    <property name="os.arch" value="amd64"/>
    <property name="java.vm.specification.name" value="Java Virtual Machine Specification"/>
    <property name="java.awt.printerjob" value="sun.print.PSPrinterJob"/>
    <property name="sun.os.patch.level" value="unknown"/>
    <property name="idea.version2019.3.3" value="true"/>
    <property name="java.library.path" value="/usr/java/packages/lib:/usr/lib64:/lib64:/lib:/usr/lib"/>
    <property name="java.vendor" value="JetBrains s.r.o"/>
    <property name="java.vm.info" value="mixed mode"/>
    <property name="java.vm.version" value="11.0.5+10-b520.38"/>
    <property name="sun.io.unicode.encoding" value="UnicodeLittle"/>
    <property name="java.class.version" value="55.0"/>
  </properties>
  <testcase name="shouldAnswerWithTrue" classname="org.example.AppTest" time="0.003"/>
  <testcase name="printMaxNumberInRadix32" classname="org.example.AppTest" time="0"/>
  <testcase name="printNumbersInRadix32" classname="org.example.AppTest" time="0"/>
  <testcase name="addOneToSomeRandomNumbers" classname="org.example.AppTest" time="0.073"/>
  <testcase name="addOneToSomeRandomNumbersByUsingLongMethods" classname="org.example.AppTest" time="0.051"/>
</testsuite>